{"C:\\Users\\Pc\\Desktop\\Genk\\Testing\\vanilla-starter\\src\\app\\calc.js": {"path":"C:\\Users\\Pc\\Desktop\\Genk\\Testing\\vanilla-starter\\src\\app\\calc.js","statementMap":{"0":{"start":{"line":5,"column":8},"end":{"line":5,"column":21}},"1":{"start":{"line":9,"column":8},"end":{"line":9,"column":21}}},"fnMap":{"0":{"name":"(anonymous_0)","decl":{"start":{"line":4,"column":4},"end":{"line":4,"column":5}},"loc":{"start":{"line":4,"column":14},"end":{"line":6,"column":5}},"line":4},"1":{"name":"(anonymous_1)","decl":{"start":{"line":8,"column":4},"end":{"line":8,"column":5}},"loc":{"start":{"line":8,"column":15},"end":{"line":10,"column":5}},"line":8}},"branchMap":{},"s":{"0":1,"1":1},"f":{"0":1,"1":1},"b":{},"_coverageSchema":"1a1c01bbd47fc00a2c39e90264f33305004495a9","hash":"bd94b0d1994cc3529e2510796f9082b1f1d8f6fa"}
}
